0 info it worked if it ends with ok
1 verbose cli [ '/Users/jmcriffey/.nvm/versions/node/v5.0.0/bin/node',
1 verbose cli   '/Users/jmcriffey/.nvm/versions/node/v5.0.0/bin/npm',
1 verbose cli   'publish' ]
2 info using npm@3.3.6
3 info using node@v5.0.0
4 verbose publish [ '.' ]
5 silly cache add args [ '.', null ]
6 verbose cache add spec .
7 silly cache add parsed spec Result {
7 silly cache add   raw: '.',
7 silly cache add   scope: null,
7 silly cache add   name: null,
7 silly cache add   rawSpec: '.',
7 silly cache add   spec: '/Users/jmcriffey/Work/mingus',
7 silly cache add   type: 'directory' }
8 verbose addLocalDirectory /Users/jmcriffey/.npm/mingus/0.7.4/package.tgz not in flight; packing
9 info lifecycle mingus@0.7.4~prepublish: mingus@0.7.4
10 verbose lifecycle mingus@0.7.4~prepublish: unsafe-perm in lifecycle true
11 verbose lifecycle mingus@0.7.4~prepublish: PATH: /Users/jmcriffey/.nvm/versions/node/v5.0.0/lib/node_modules/npm/bin/node-gyp-bin:/Users/jmcriffey/Work/mingus/node_modules/.bin:/Users/jmcriffey/.nvm/versions/node/v5.0.0/bin:~/bin:/usr/local/git/bin:/usr/local/bin:/usr/bin:/bin:/usr/sbin:/sbin:/usr/local/git/bin
12 verbose lifecycle mingus@0.7.4~prepublish: CWD: /Users/jmcriffey/Work/mingus
13 silly lifecycle mingus@0.7.4~prepublish: Args: [ '-c', 'npm run build' ]
14 silly lifecycle mingus@0.7.4~prepublish: Returned: code: 0  signal: null
15 verbose tar pack [ '/Users/jmcriffey/.npm/mingus/0.7.4/package.tgz',
15 verbose tar pack   '/Users/jmcriffey/Work/mingus' ]
16 verbose tarball /Users/jmcriffey/.npm/mingus/0.7.4/package.tgz
17 verbose folder /Users/jmcriffey/Work/mingus
18 verbose addLocalTarball adding from inside cache /Users/jmcriffey/.npm/mingus/0.7.4/package.tgz
19 silly cache afterAdd mingus@0.7.4
20 verbose afterAdd /Users/jmcriffey/.npm/mingus/0.7.4/package/package.json not in flight; writing
21 verbose afterAdd /Users/jmcriffey/.npm/mingus/0.7.4/package/package.json written
22 silly publish { name: 'mingus',
22 silly publish   version: '0.7.4',
22 silly publish   description: 'A testing library for React/Babel.',
22 silly publish   repository: { type: 'git', url: 'git://github.com/jmcriffey/mingus.git' },
22 silly publish   bugs: { url: 'https://github.com/jmcriffey/mingus/issues' },
22 silly publish   main: 'index.js',
22 silly publish   bin: { mingus: 'bin/mingus' },
22 silly publish   scripts:
22 silly publish    { build: 'babel src --out-dir lib',
22 silly publish      'check-coverage': './bin/mingus check-coverage .coverage/coverage.json',
22 silly publish      cover: './bin/mingus cover',
22 silly publish      lint: 'eslint src test',
22 silly publish      prepublish: 'npm run build',
22 silly publish      test: 'npm run lint && npm run cover && npm run check-coverage',
22 silly publish      unit: './bin/mingus unit' },
22 silly publish   keywords: [ 'test', 'unit', 'unit test', 'react', 'testing' ],
22 silly publish   author: { name: 'Jeff McRiffey' },
22 silly publish   license: 'MIT',
22 silly publish   dependencies:
22 silly publish    { babel: '^5.8.29',
22 silly publish      'babel-istanbul': '^0.4.1',
22 silly publish      'babel-runtime': '^5.8.29',
22 silly publish      chai: '^3.3.0',
22 silly publish      mocha: '^2.3.3',
22 silly publish      proxyquire: '^1.7.3',
22 silly publish      react: '^0.14.0',
22 silly publish      sinon: '^1.17.1' },
22 silly publish   devDependencies:
22 silly publish    { 'babel-eslint': '^4.1.3',
22 silly publish      eslint: '^1.5.1',
22 silly publish      'eslint-plugin-react': '^3.4.2' },
22 silly publish   readme: '# mingus\n\n`mingus` is a testing library for React components using babel, mocha, istanbul, sinon, and chai.\n\n## Install\n\nTo install the latest release:\n```shell\nnpm install mingus\n```\n\nTo build the latest code directly from source:\n```shell\nnpm install git://github.com/jmcriffey/mingus.git\n```\n\n## Usage\n\nsrc/CoolComponent.js:\n```js\nimport React from \'react\';\nimport someLib from \'someLib\';\n\n\nclass CoolComponent extends React.Component {\n    render() {\n        return (\n            <ul className="cool-list">\n                <li className="cool-list-item">1</li>\n                <li className="cool-list-item">2</li>\n            </ul>\n        );\n    }\n\n    getNum() {\n        return someLib.getNum();\n    }\n}\n\nexport default CoolComponent;\n```\n\ntests/CoolComponent-test.js:\n```js\nimport Mingus from \'mingus\';\nimport someLib from \'someLib\';\n\nimport CoolComponent from \'./CoolComponent\';\n\n\nMingus.createTestCase({\n    beforeEach() {\n        this.rendered = this.renderComponent(CoolComponent);\n        this.component = this.createComponent(CoolComponent);\n    },\n\n    testType() {\n        this.assertIsType(this.rendered, \'ul\')\n    },\n\n    testClass() {\n        this.assertHasClass(this.rendered, \'cool-list\');\n    },\n\n    testChildrenClasses() {\n        this.assertEveryChildHasClass(this.rendered, \'cool-list-item\');\n        this.assertSomeChildHasClass(this.rendered, \'cool-list-item\');\n    },\n\n    testChildrenTypes() {\n        this.assertEveryChildIsType(this.rendered, \'li\');\n        this.assertSomeChildIsType(this.rendered, \'li\');\n    },\n\n    testNthChildClass() {\n        this.assertNthChildHasClass(this.rendered, 0, \'cool-list-item\');\n    },\n\n    testNthChildType() {\n        this.assertNthChildIsType(this.rendered, 0, \'li\');\n    },\n\n    testGetNum() {\n        this.stub(someLib, \'getNum\', () => 777);\n        this.assertEqual(component.getNum(), 777);\n    }\n});\n```\n\nOn the command line:\n```shell\nmingus cover && mingus check-coverage\n```\n\nWithout coverage:\n```shell\nmingus unit\n```\n\n## License\n\nMIT License\n',
22 silly publish   readmeFilename: 'README.md',
22 silly publish   gitHead: 'f1a9d7bf3cb7d216ff7a66b0f7e7dec293923e8c',
22 silly publish   homepage: 'https://github.com/jmcriffey/mingus#readme',
22 silly publish   _id: 'mingus@0.7.4',
22 silly publish   _shasum: '9ff46f4d956d45a56fdff84628e27632aacdb34c',
22 silly publish   _from: '.' }
23 verbose getPublishConfig undefined
24 silly mapToRegistry name mingus
25 silly mapToRegistry using default registry
26 silly mapToRegistry registry https://registry.npmjs.org/
27 silly mapToRegistry uri https://registry.npmjs.org/mingus
28 verbose publish registryBase https://registry.npmjs.org/
29 silly publish uploading /Users/jmcriffey/.npm/mingus/0.7.4/package.tgz
30 verbose request uri https://registry.npmjs.org/mingus
31 verbose request sending authorization for write operation
32 info attempt registry request try #1 at 6:09:17 PM
33 verbose request using bearer token for auth
34 verbose request id 9337dce3a8a9458b
35 http request PUT https://registry.npmjs.org/mingus
36 http 403 https://registry.npmjs.org/mingus
37 verbose headers { 'content-type': 'application/json',
37 verbose headers   'cache-control': 'max-age=60',
37 verbose headers   'content-length': '95',
37 verbose headers   'accept-ranges': 'bytes',
37 verbose headers   date: 'Fri, 06 Nov 2015 23:09:18 GMT',
37 verbose headers   via: '1.1 varnish',
37 verbose headers   connection: 'keep-alive',
37 verbose headers   'x-served-by': 'cache-jfk1025-JFK',
37 verbose headers   'x-cache': 'MISS',
37 verbose headers   'x-cache-hits': '0',
37 verbose headers   'x-timer': 'S1446851357.507957,VS0,VE792' }
38 verbose request invalidating /Users/jmcriffey/.npm/registry.npmjs.org/mingus on PUT
39 error publish Failed PUT 403
40 verbose stack Error: "You cannot publish over the previously published version 0.7.4." : mingus
40 verbose stack     at makeError (/Users/jmcriffey/.nvm/versions/node/v5.0.0/lib/node_modules/npm/node_modules/npm-registry-client/lib/request.js:264:12)
40 verbose stack     at CachingRegistryClient.<anonymous> (/Users/jmcriffey/.nvm/versions/node/v5.0.0/lib/node_modules/npm/node_modules/npm-registry-client/lib/request.js:252:14)
40 verbose stack     at Request._callback (/Users/jmcriffey/.nvm/versions/node/v5.0.0/lib/node_modules/npm/node_modules/npm-registry-client/lib/request.js:172:14)
40 verbose stack     at Request.self.callback (/Users/jmcriffey/.nvm/versions/node/v5.0.0/lib/node_modules/npm/node_modules/request/request.js:198:22)
40 verbose stack     at emitTwo (events.js:87:13)
40 verbose stack     at Request.emit (events.js:172:7)
40 verbose stack     at Request.<anonymous> (/Users/jmcriffey/.nvm/versions/node/v5.0.0/lib/node_modules/npm/node_modules/request/request.js:1063:14)
40 verbose stack     at emitOne (events.js:82:20)
40 verbose stack     at Request.emit (events.js:169:7)
40 verbose stack     at IncomingMessage.<anonymous> (/Users/jmcriffey/.nvm/versions/node/v5.0.0/lib/node_modules/npm/node_modules/request/request.js:1009:12)
41 verbose statusCode 403
42 verbose pkgid mingus
43 verbose cwd /Users/jmcriffey/Work/mingus
44 error Darwin 15.0.0
45 error argv "/Users/jmcriffey/.nvm/versions/node/v5.0.0/bin/node" "/Users/jmcriffey/.nvm/versions/node/v5.0.0/bin/npm" "publish"
46 error node v5.0.0
47 error npm  v3.3.6
48 error code E403
49 error "You cannot publish over the previously published version 0.7.4." : mingus
50 error If you need help, you may report this error at:
50 error     <https://github.com/npm/npm/issues>
51 verbose exit [ 1, true ]
